<?xml version="1.0" encoding="UTF-8"?>
<!-- Generated by org.testng.reporters.JUnitReportReporter -->
<testsuite skipped="0" hostname="1-PC0PJ1VX-2" name="fudmLogin.LoginFudm" tests="2" failures="0" timestamp="2022-07-20T23:47:18 IST" time="0.016" errors="0">
  <testcase name="MainLogin2" time="0.014" classname="fudmLogin.LoginFudm"/>
  <system-out/>
  <testcase name="MainLogin" time="0.002" classname="fudmLogin.LoginFudm"/>
  <system-out/>
</testsuite> <!-- fudmLogin.LoginFudm -->
