<?xml version="1.0" encoding="UTF-8"?>
<!-- Generated by org.testng.reporters.JUnitReportReporter -->
<testsuite skipped="0" hostname="1-PC0PJ1VX-2" name="com.fusion.utility.ReadPropertFile" tests="1" failures="0" timestamp="2022-07-28T23:13:17 IST" time="0.012" errors="0">
  <testcase name="readProperty" time="0.012" classname="com.fusion.utility.ReadPropertFile"/>
  <system-out/>
</testsuite> <!-- com.fusion.utility.ReadPropertFile -->
